#
# There is insufficient memory for the Java Runtime Environment to continue.
# Native memory allocation (malloc) failed to allocate 1048576 bytes. Error detail: AllocateHeap
# Possible reasons:
#   The system is out of physical RAM or swap space
#   This process is running with CompressedOops enabled, and the Java Heap may be blocking the growth of the native heap
# Possible solutions:
#   Reduce memory load on the system
#   Increase physical memory or swap space
#   Check if swap backing store is full
#   Decrease Java heap size (-Xmx/-Xms)
#   Decrease number of Java threads
#   Decrease Java thread stack sizes (-Xss)
#   Set larger code cache with -XX:ReservedCodeCacheSize=
#   JVM is running with Unscaled Compressed Oops mode in which the Java heap is
#     placed in the first 4GB address space. The Java Heap base address is the
#     maximum limit for the native heap growth. Please use -XX:HeapBaseMinAddress
#     to set the Java Heap base and to place the Java Heap above 4GB virtual address.
# This output file may be truncated or incomplete.
#
#  Out of Memory Error (allocation.cpp:44), pid=300140, tid=289160
#
# JRE version: OpenJDK Runtime Environment Temurin-21.0.9+10 (21.0.9+10) (build 21.0.9+10-LTS)
# Java VM: OpenJDK 64-Bit Server VM Temurin-21.0.9+10 (21.0.9+10-LTS, mixed mode, sharing, tiered, compressed oops, compressed class ptrs, parallel gc, windows-amd64)
# No core dump will be written. Minidumps are not enabled by default on client versions of Windows
#

---------------  S U M M A R Y ------------

Command Line: --add-modules=ALL-SYSTEM --add-opens=java.base/java.util=ALL-UNNAMED --add-opens=java.base/java.lang=ALL-UNNAMED --add-opens=java.base/sun.nio.fs=ALL-UNNAMED -Declipse.application=org.eclipse.jdt.ls.core.id1 -Dosgi.bundles.defaultStartLevel=4 -Declipse.product=org.eclipse.jdt.ls.core.product -Djava.import.generatesMetadataFilesAtProjectRoot=false -DDetectVMInstallationsJob.disabled=true -Dfile.encoding=utf8 -XX:+UseParallelGC -XX:GCTimeRatio=4 -XX:AdaptiveSizePolicyWeight=90 -Dsun.zip.disableMemoryMapping=true -Xmx2G -Xms100m -Xlog:disable -javaagent:c:\Users\JACOB MULULE\.qoder\extensions\redhat.java-1.50.0-win32-x64\lombok\lombok-1.18.39-4050.jar -XX:+HeapDumpOnOutOfMemoryError -XX:HeapDumpPath=c:\Users\JACOB MULULE\AppData\Roaming\Qoder\User\workspaceStorage\64a3b491490506c49feca7e84a6a81ab\redhat.java -Daether.dependencyCollector.impl=bf c:\Users\JACOB MULULE\.qoder\extensions\redhat.java-1.50.0-win32-x64\server\plugins\org.eclipse.equinox.launcher_1.7.100.v20251111-0406.jar -configuration c:\Users\JACOB MULULE\AppData\Roaming\Qoder\User\globalStorage\redhat.java\1.50.0\config_win -data c:\Users\JACOB MULULE\AppData\Roaming\Qoder\User\workspaceStorage\64a3b491490506c49feca7e84a6a81ab\redhat.java\jdt_ws --pipe=\\.\pipe\lsp-9d502a82bb549775dcfe8fb143c24df9-sock

Host: Intel(R) Core(TM) i5-10300H CPU @ 2.50GHz, 8 cores, 15G,  Windows 11 , 64 bit Build 26100 (10.0.26100.7309)
Time: Wed Dec 17 17:03:19 2025 South Africa Standard Time elapsed time: 4101.425175 seconds (0d 1h 8m 21s)

---------------  T H R E A D  ---------------

Current thread (0x000002605f616700):  JavaThread "Attach Listener" daemon [_thread_in_vm, id=289160, stack(0x000000f634400000,0x000000f634500000) (1024K)]

Stack: [0x000000f634400000,0x000000f634500000]
Native frames: (J=compiled Java code, j=interpreted, Vv=VM code, C=native code)
V  [jvm.dll+0x6d6e29]
V  [jvm.dll+0x8b4b76]
V  [jvm.dll+0x8b712e]
V  [jvm.dll+0x8b7813]
V  [jvm.dll+0x283d86]
V  [jvm.dll+0xc1277]
V  [jvm.dll+0x6d76d9]
V  [jvm.dll+0x133466]
V  [jvm.dll+0x3f7ea6]
V  [jvm.dll+0x85e9ad]
V  [jvm.dll+0x6d565d]
C  [ucrtbase.dll+0x37b0]
C  [KERNEL32.DLL+0x2e8d7]
C  [ntdll.dll+0x8c53c]


---------------  P R O C E S S  ---------------

Threads class SMR info:
_java_thread_list=0x0000026041eec7c0, length=34, elements={
0x000002605f69c150, 0x000002605f60dd30, 0x000002605f611050, 0x000002605f613460,
0x000002605f616700, 0x000002605f617150, 0x000002605f617ba0, 0x000002605f61a600,
0x0000026077912d30, 0x0000026077a8e620, 0x0000026077bd9ef0, 0x000002607c7f08a0,
0x000002607c386f60, 0x000002607c72e010, 0x000002607c660440, 0x000002607cae4df0,
0x000002607cd8e710, 0x000002607cbc4200, 0x000002607c701f00, 0x000002607c162890,
0x000002607c15f410, 0x000002607c1607c0, 0x000002607c1614e0, 0x000002607c161b70,
0x000002607c162200, 0x000002607ccbf1b0, 0x000002607ccc0560, 0x000002607ccc1910,
0x000002607ccc2630, 0x000002607ccbf840, 0x000002607ccc2cc0, 0x000002607ccc1fa0,
0x000002607ccc4d90, 0x000002607ccc5420
}

Java Threads: ( => current thread )
  0x000002605f69c150 JavaThread "main"                              [_thread_blocked, id=293788, stack(0x000000f633d00000,0x000000f633e00000) (1024K)]
  0x000002605f60dd30 JavaThread "Reference Handler"          daemon [_thread_blocked, id=305020, stack(0x000000f634100000,0x000000f634200000) (1024K)]
  0x000002605f611050 JavaThread "Finalizer"                  daemon [_thread_blocked, id=301252, stack(0x000000f634200000,0x000000f634300000) (1024K)]
  0x000002605f613460 JavaThread "Signal Dispatcher"          daemon [_thread_blocked, id=304880, stack(0x000000f634300000,0x000000f634400000) (1024K)]
=>0x000002605f616700 JavaThread "Attach Listener"            daemon [_thread_in_vm, id=289160, stack(0x000000f634400000,0x000000f634500000) (1024K)]
  0x000002605f617150 JavaThread "Service Thread"             daemon [_thread_blocked, id=302920, stack(0x000000f634500000,0x000000f634600000) (1024K)]
  0x000002605f617ba0 JavaThread "Monitor Deflation Thread"   daemon [_thread_blocked, id=301404, stack(0x000000f634600000,0x000000f634700000) (1024K)]
  0x000002605f61a600 JavaThread "C2 CompilerThread0"         daemon [_thread_blocked, id=303260, stack(0x000000f634700000,0x000000f634800000) (1024K)]
  0x0000026077912d30 JavaThread "C1 CompilerThread0"         daemon [_thread_blocked, id=297592, stack(0x000000f634800000,0x000000f634900000) (1024K)]
  0x0000026077a8e620 JavaThread "Common-Cleaner"             daemon [_thread_blocked, id=303076, stack(0x000000f634a00000,0x000000f634b00000) (1024K)]
  0x0000026077bd9ef0 JavaThread "Notification Thread"        daemon [_thread_blocked, id=305456, stack(0x000000f634900000,0x000000f634a00000) (1024K)]
  0x000002607c7f08a0 JavaThread "Active Thread: Equinox Container: 1a0c89b2-54ec-43c7-be06-44c57bcf4951"        [_thread_blocked, id=305644, stack(0x000000f635300000,0x000000f635400000) (1024K)]
  0x000002607c386f60 JavaThread "Refresh Thread: Equinox Container: 1a0c89b2-54ec-43c7-be06-44c57bcf4951" daemon [_thread_blocked, id=306172, stack(0x000000f634b00000,0x000000f634c00000) (1024K)]
  0x000002607c72e010 JavaThread "Framework Event Dispatcher: Equinox Container: 1a0c89b2-54ec-43c7-be06-44c57bcf4951" daemon [_thread_blocked, id=303620, stack(0x000000f635400000,0x000000f635500000) (1024K)]
  0x000002607c660440 JavaThread "Start Level: Equinox Container: 1a0c89b2-54ec-43c7-be06-44c57bcf4951" daemon [_thread_blocked, id=301844, stack(0x000000f635500000,0x000000f635600000) (1024K)]
  0x000002607cae4df0 JavaThread "Bundle File Closer"         daemon [_thread_blocked, id=303524, stack(0x000000f635700000,0x000000f635800000) (1024K)]
  0x000002607cd8e710 JavaThread "SCR Component Actor"        daemon [_thread_blocked, id=303368, stack(0x000000f635600000,0x000000f635700000) (1024K)]
  0x000002607cbc4200 JavaThread "Worker-JM"                         [_thread_blocked, id=295148, stack(0x000000f635800000,0x000000f635900000) (1024K)]
  0x000002607c701f00 JavaThread "JNA Cleaner"                daemon [_thread_blocked, id=304468, stack(0x000000f635900000,0x000000f635a00000) (1024K)]
  0x000002607c162890 JavaThread "Worker-1"                          [_thread_blocked, id=301400, stack(0x000000f635b00000,0x000000f635c00000) (1024K)]
  0x000002607c15f410 JavaThread "Java indexing"              daemon [_thread_blocked, id=300284, stack(0x000000f635e00000,0x000000f635f00000) (1024K)]
  0x000002607c1607c0 JavaThread "Worker-4"                          [_thread_blocked, id=305992, stack(0x000000f636300000,0x000000f636400000) (1024K)]
  0x000002607c1614e0 JavaThread "Thread-1"                   daemon [_thread_in_native, id=301244, stack(0x000000f636400000,0x000000f636500000) (1024K)]
  0x000002607c161b70 JavaThread "Thread-2"                   daemon [_thread_in_native, id=299140, stack(0x000000f636500000,0x000000f636600000) (1024K)]
  0x000002607c162200 JavaThread "Thread-3"                   daemon [_thread_in_native, id=301236, stack(0x000000f636600000,0x000000f636700000) (1024K)]
  0x000002607ccbf1b0 JavaThread "Thread-4"                   daemon [_thread_in_native, id=298668, stack(0x000000f636700000,0x000000f636800000) (1024K)]
  0x000002607ccc0560 JavaThread "Thread-5"                   daemon [_thread_in_native, id=280964, stack(0x000000f636800000,0x000000f636900000) (1024K)]
  0x000002607ccc1910 JavaThread "Thread-6"                   daemon [_thread_in_native, id=284768, stack(0x000000f636900000,0x000000f636a00000) (1024K)]
  0x000002607ccc2630 JavaThread "Thread-7"                   daemon [_thread_in_native, id=301672, stack(0x000000f636a00000,0x000000f636b00000) (1024K)]
  0x000002607ccbf840 JavaThread "Thread-8"                   daemon [_thread_in_native, id=278140, stack(0x000000f636b00000,0x000000f636c00000) (1024K)]
  0x000002607ccc2cc0 JavaThread "Thread-9"                   daemon [_thread_in_native, id=277932, stack(0x000000f636c00000,0x000000f636d00000) (1024K)]
  0x000002607ccc1fa0 JavaThread "pool-2-thread-1"                   [_thread_blocked, id=298928, stack(0x000000f636d00000,0x000000f636e00000) (1024K)]
  0x000002607ccc4d90 JavaThread "WorkspaceEventsHandler"            [_thread_blocked, id=305440, stack(0x000000f637500000,0x000000f637600000) (1024K)]
  0x000002607ccc5420 JavaThread "pool-1-thread-1"                   [_thread_blocked, id=118596, stack(0x000000f637600000,0x000000f637700000) (1024K)]
Total: 34

Other Threads:
  0x000002605f5f1bf0 VMThread "VM Thread"                           [id=304956, stack(0x000000f634000000,0x000000f634100000) (1024K)]
  0x000002605f52ca00 WatcherThread "VM Periodic Task Thread"        [id=305704, stack(0x000000f633f00000,0x000000f634000000) (1024K)]
  0x000002605f6b9710 WorkerThread "GC Thread#0"                     [id=297368, stack(0x000000f633e00000,0x000000f633f00000) (1024K)]
  0x000002607c218f30 WorkerThread "GC Thread#1"                     [id=301016, stack(0x000000f634d00000,0x000000f634e00000) (1024K)]
  0x000002607c2192d0 WorkerThread "GC Thread#2"                     [id=305024, stack(0x000000f634e00000,0x000000f634f00000) (1024K)]
  0x000002607c219670 WorkerThread "GC Thread#3"                     [id=302420, stack(0x000000f634f00000,0x000000f635000000) (1024K)]
  0x000002607c371b20 WorkerThread "GC Thread#4"                     [id=303848, stack(0x000000f635000000,0x000000f635100000) (1024K)]
  0x000002607c371ec0 WorkerThread "GC Thread#5"                     [id=304244, stack(0x000000f635100000,0x000000f635200000) (1024K)]
  0x000002607c372260 WorkerThread "GC Thread#6"                     [id=301700, stack(0x000000f635200000,0x000000f635300000) (1024K)]
  0x000002607c79c7d0 WorkerThread "GC Thread#7"                     [id=301620, stack(0x000000f634c00000,0x000000f634d00000) (1024K)]
Total: 10

Threads with active compile tasks:
Total: 0

VM state: not at safepoint (normal execution)

VM Mutex/Monitor currently owned by a thread: None

Heap address: 0x0000000080000000, size: 2048 MB, Compressed Oops mode: 32-bit

CDS archive(s) mapped at: [0x0000026000000000-0x0000026000ba0000-0x0000026000ba0000), size 12189696, SharedBaseAddress: 0x0000026000000000, ArchiveRelocationMode: 1.
Compressed class space mapped at: 0x0000026001000000-0x0000026041000000, reserved size: 1073741824
Narrow klass base: 0x0000026000000000, Narrow klass shift: 0, Narrow klass range: 0x100000000

GC Precious Log:
 CardTable entry size: 512
 CPUs: 8 total, 8 available
 Memory: 16221M
 Large Page Support: Disabled
 NUMA Support: Disabled
 Compressed Oops: Enabled (32-bit)
 Alignments: Space 512K, Generation 512K, Heap 2M
 Heap Min Capacity: 100M
 Heap Initial Capacity: 100M
 Heap Max Capacity: 2G
 Pre-touch: Disabled
 Parallel Workers: 8

Heap:
 PSYoungGen      total 15872K, used 7207K [0x00000000d5580000, 0x00000000d6780000, 0x0000000100000000)
  eden space 14848K, 41% used [0x00000000d5580000,0x00000000d5b8bae0,0x00000000d6400000)
  from space 1024K, 99% used [0x00000000d6580000,0x00000000d667e470,0x00000000d6680000)
  to   space 1536K, 0% used [0x00000000d6400000,0x00000000d6400000,0x00000000d6580000)
 ParOldGen       total 81408K, used 58611K [0x0000000080000000, 0x0000000084f80000, 0x00000000d5580000)
  object space 81408K, 71% used [0x0000000080000000,0x000000008393cd98,0x0000000084f80000)
 Metaspace       used 61146K, committed 62592K, reserved 1114112K
  class space    used 6479K, committed 7104K, reserved 1048576K

Card table byte_map: [0x000002605f040000,0x000002605f450000] _byte_map_base: 0x000002605ec40000

Marking Bits: (ParMarkBitMap*) 0x00007ffe967f2460
 Begin Bits: [0x0000026071b50000, 0x0000026073b50000)
 End Bits:   [0x0000026073b50000, 0x0000026075b50000)

Polling page: 0x000002605d6d0000

Metaspace:

Usage:
  Non-class:     53.39 MB used.
      Class:      6.33 MB used.
       Both:     59.71 MB used.

Virtual space:
  Non-class space:       64.00 MB reserved,      54.19 MB ( 85%) committed,  1 nodes.
      Class space:        1.00 GB reserved,       6.94 MB ( <1%) committed,  1 nodes.
             Both:        1.06 GB reserved,      61.12 MB (  6%) committed. 

Chunk freelists:
   Non-Class:  9.82 MB
       Class:  8.93 MB
        Both:  18.75 MB

MaxMetaspaceSize: unlimited
CompressedClassSpaceSize: 1.00 GB
Initial GC threshold: 21.00 MB
Current GC threshold: 97.31 MB
CDS: on
 - commit_granule_bytes: 65536.
 - commit_granule_words: 8192.
 - virtual_space_node_default_size: 8388608.
 - enlarge_chunks_in_place: 1.
 - use_allocation_guard: 0.


Internal statistics:

num_allocs_failed_limit: 9.
num_arena_births: 1236.
num_arena_deaths: 14.
num_vsnodes_births: 2.
num_vsnodes_deaths: 0.
num_space_committed: 978.
num_space_uncommitted: 0.
num_chunks_returned_to_freelist: 23.
num_chunks_taken_from_freelist: 4079.
num_chunk_merges: 15.
num_chunk_splits: 2517.
num_chunks_enlarged: 1428.
num_inconsistent_stats: 0.

CodeHeap 'non-profiled nmethods': size=120000Kb used=8295Kb max_used=8295Kb free=111704Kb
 bounds [0x000002606a370000, 0x000002606ab90000, 0x00000260718a0000]
CodeHeap 'profiled nmethods': size=120000Kb used=22665Kb max_used=22665Kb free=97334Kb
 bounds [0x00000260628a0000, 0x0000026063ed0000, 0x0000026069dd0000]
CodeHeap 'non-nmethods': size=5760Kb used=1404Kb max_used=1569Kb free=4355Kb
 bounds [0x0000026069dd0000, 0x000002606a040000, 0x000002606a370000]
CodeCache: size=245760Kb, used=32364Kb, max_used=32529Kb, free=213393Kb
 total_blobs=10851, nmethods=10136, adapters=621, full_count=0
Compilation: enabled, stopped_count=0, restarted_count=0

Compilation events (20 events):
Event: 3461.920 Thread 0x0000026077912d30 10953   !   3       java.util.logging.LogManager::ensureLogManagerInitialized (144 bytes)
Event: 3461.923 Thread 0x0000026077912d30 nmethod 10953 0x0000026063eb9910 code [0x0000026063eb9c20, 0x0000026063ebad40]
Event: 3514.010 Thread 0x0000026077912d30 10954       1       org.eclipse.osgi.internal.location.BasicLocation::isReadOnly (5 bytes)
Event: 3514.010 Thread 0x0000026077912d30 nmethod 10954 0x000002606ab87490 code [0x000002606ab87620, 0x000002606ab876f0]
Event: 3787.506 Thread 0x0000026077912d30 10955       3       org.eclipse.core.internal.jobs.JobManager::startJob (89 bytes)
Event: 3787.511 Thread 0x0000026077912d30 nmethod 10955 0x0000026063ebb310 code [0x0000026063ebb5c0, 0x0000026063ebc420]
Event: 3787.511 Thread 0x0000026077912d30 10956   !   3       org.eclipse.core.internal.jobs.JobManager::nextJob (291 bytes)
Event: 3787.518 Thread 0x0000026077912d30 nmethod 10956 0x0000026063ebc890 code [0x0000026063ebcd20, 0x0000026063ebee58]
Event: 3852.039 Thread 0x0000026077912d30 10957       1       com.sun.jna.internal.Cleaner::access$200 (5 bytes)
Event: 3852.039 Thread 0x0000026077912d30 nmethod 10957 0x000002606ab87790 code [0x000002606ab87920, 0x000002606ab879d0]
Event: 3854.815 Thread 0x0000026077912d30 10958       3       java.lang.ProcessHandleImpl::get (51 bytes)
Event: 3854.817 Thread 0x0000026077912d30 nmethod 10958 0x0000026063ebff90 code [0x0000026063ec01a0, 0x0000026063ec07a8]
Event: 3854.817 Thread 0x0000026077912d30 10959       3       java.lang.ProcessHandleImpl::isAlive (44 bytes)
Event: 3854.817 Thread 0x0000026077912d30 nmethod 10959 0x0000026063ec0a10 code [0x0000026063ec0bc0, 0x0000026063ec0e20]
Event: 3907.391 Thread 0x0000026077912d30 10960   !   3       org.eclipse.core.internal.jobs.JobManager::sleepHint (67 bytes)
Event: 3907.391 Thread 0x000002605f61a600 10962       4       org.eclipse.core.internal.resources.MarkerAttributeMap::shareStrings (92 bytes)
Event: 3907.391 Thread 0x0000026077912d30 nmethod 10960 0x0000026063ec0f10 code [0x0000026063ec1180, 0x0000026063ec1c50]
Event: 3907.392 Thread 0x0000026077912d30 10961       3       org.eclipse.core.internal.jobs.JobQueue::isEmpty (18 bytes)
Event: 3907.392 Thread 0x0000026077912d30 nmethod 10961 0x0000026063ec2110 code [0x0000026063ec22c0, 0x0000026063ec2450]
Event: 3907.426 Thread 0x000002605f61a600 nmethod 10962 0x000002606ab87a90 code [0x000002606ab87d20, 0x000002606ab88c50]

GC Heap History (20 events):
Event: 26.419 GC heap before
{Heap before GC invocations=62 (full 2):
 PSYoungGen      total 17920K, used 17524K [0x00000000d5580000, 0x00000000d6800000, 0x0000000100000000)
  eden space 16896K, 100% used [0x00000000d5580000,0x00000000d6600000,0x00000000d6600000)
  from space 1024K, 61% used [0x00000000d6600000,0x00000000d669d148,0x00000000d6700000)
  to   space 1024K, 0% used [0x00000000d6700000,0x00000000d6700000,0x00000000d6800000)
 ParOldGen       total 78336K, used 78310K [0x0000000080000000, 0x0000000084c80000, 0x00000000d5580000)
  object space 78336K, 99% used [0x0000000080000000,0x0000000084c79a58,0x0000000084c80000)
 Metaspace       used 54885K, committed 56256K, reserved 1114112K
  class space    used 5928K, committed 6528K, reserved 1048576K
}
Event: 26.421 GC heap after
{Heap after GC invocations=62 (full 2):
 PSYoungGen      total 17920K, used 520K [0x00000000d5580000, 0x00000000d6800000, 0x0000000100000000)
  eden space 16896K, 0% used [0x00000000d5580000,0x00000000d5580000,0x00000000d6600000)
  from space 1024K, 50% used [0x00000000d6700000,0x00000000d6782220,0x00000000d6800000)
  to   space 1024K, 0% used [0x00000000d6600000,0x00000000d6600000,0x00000000d6700000)
 ParOldGen       total 78848K, used 78782K [0x0000000080000000, 0x0000000084d00000, 0x00000000d5580000)
  object space 78848K, 99% used [0x0000000080000000,0x0000000084cef9c8,0x0000000084d00000)
 Metaspace       used 54885K, committed 56256K, reserved 1114112K
  class space    used 5928K, committed 6528K, reserved 1048576K
}
Event: 27.023 GC heap before
{Heap before GC invocations=63 (full 2):
 PSYoungGen      total 17920K, used 17416K [0x00000000d5580000, 0x00000000d6800000, 0x0000000100000000)
  eden space 16896K, 100% used [0x00000000d5580000,0x00000000d6600000,0x00000000d6600000)
  from space 1024K, 50% used [0x00000000d6700000,0x00000000d6782220,0x00000000d6800000)
  to   space 1024K, 0% used [0x00000000d6600000,0x00000000d6600000,0x00000000d6700000)
 ParOldGen       total 78848K, used 78782K [0x0000000080000000, 0x0000000084d00000, 0x00000000d5580000)
  object space 78848K, 99% used [0x0000000080000000,0x0000000084cef9c8,0x0000000084d00000)
 Metaspace       used 55809K, committed 57216K, reserved 1114112K
  class space    used 6018K, committed 6656K, reserved 1048576K
}
Event: 27.024 GC heap after
{Heap after GC invocations=63 (full 2):
 PSYoungGen      total 17920K, used 448K [0x00000000d5580000, 0x00000000d6780000, 0x0000000100000000)
  eden space 16896K, 0% used [0x00000000d5580000,0x00000000d5580000,0x00000000d6600000)
  from space 1024K, 43% used [0x00000000d6600000,0x00000000d6670010,0x00000000d6700000)
  to   space 512K, 0% used [0x00000000d6700000,0x00000000d6700000,0x00000000d6780000)
 ParOldGen       total 79360K, used 79182K [0x0000000080000000, 0x0000000084d80000, 0x00000000d5580000)
  object space 79360K, 99% used [0x0000000080000000,0x0000000084d53be8,0x0000000084d80000)
 Metaspace       used 55809K, committed 57216K, reserved 1114112K
  class space    used 6018K, committed 6656K, reserved 1048576K
}
Event: 27.510 GC heap before
{Heap before GC invocations=64 (full 2):
 PSYoungGen      total 17920K, used 17344K [0x00000000d5580000, 0x00000000d6780000, 0x0000000100000000)
  eden space 16896K, 100% used [0x00000000d5580000,0x00000000d6600000,0x00000000d6600000)
  from space 1024K, 43% used [0x00000000d6600000,0x00000000d6670010,0x00000000d6700000)
  to   space 512K, 0% used [0x00000000d6700000,0x00000000d6700000,0x00000000d6780000)
 ParOldGen       total 79360K, used 79182K [0x0000000080000000, 0x0000000084d80000, 0x00000000d5580000)
  object space 79360K, 99% used [0x0000000080000000,0x0000000084d53be8,0x0000000084d80000)
 Metaspace       used 57394K, committed 58816K, reserved 1114112K
  class space    used 6144K, committed 6720K, reserved 1048576K
}
Event: 27.513 GC heap after
{Heap after GC invocations=64 (full 2):
 PSYoungGen      total 15872K, used 502K [0x00000000d5580000, 0x00000000d6b00000, 0x0000000100000000)
  eden space 15360K, 0% used [0x00000000d5580000,0x00000000d5580000,0x00000000d6480000)
  from space 512K, 98% used [0x00000000d6700000,0x00000000d677db78,0x00000000d6780000)
  to   space 2560K, 0% used [0x00000000d6480000,0x00000000d6480000,0x00000000d6700000)
 ParOldGen       total 80896K, used 80770K [0x0000000080000000, 0x0000000084f00000, 0x00000000d5580000)
  object space 80896K, 99% used [0x0000000080000000,0x0000000084ee0b00,0x0000000084f00000)
 Metaspace       used 57394K, committed 58816K, reserved 1114112K
  class space    used 6144K, committed 6720K, reserved 1048576K
}
Event: 27.714 GC heap before
{Heap before GC invocations=65 (full 2):
 PSYoungGen      total 15872K, used 15862K [0x00000000d5580000, 0x00000000d6b00000, 0x0000000100000000)
  eden space 15360K, 100% used [0x00000000d5580000,0x00000000d6480000,0x00000000d6480000)
  from space 512K, 98% used [0x00000000d6700000,0x00000000d677db78,0x00000000d6780000)
  to   space 2560K, 0% used [0x00000000d6480000,0x00000000d6480000,0x00000000d6700000)
 ParOldGen       total 80896K, used 80770K [0x0000000080000000, 0x0000000084f00000, 0x00000000d5580000)
  object space 80896K, 99% used [0x0000000080000000,0x0000000084ee0b00,0x0000000084f00000)
 Metaspace       used 57413K, committed 58816K, reserved 1114112K
  class space    used 6144K, committed 6720K, reserved 1048576K
}
Event: 27.718 GC heap after
{Heap after GC invocations=65 (full 2):
 PSYoungGen      total 16384K, used 918K [0x00000000d5580000, 0x00000000d6780000, 0x0000000100000000)
  eden space 15360K, 0% used [0x00000000d5580000,0x00000000d5580000,0x00000000d6480000)
  from space 1024K, 89% used [0x00000000d6480000,0x00000000d6565a60,0x00000000d6580000)
  to   space 1536K, 0% used [0x00000000d6600000,0x00000000d6600000,0x00000000d6780000)
 ParOldGen       total 81408K, used 81265K [0x0000000080000000, 0x0000000084f80000, 0x00000000d5580000)
  object space 81408K, 99% used [0x0000000080000000,0x0000000084f5c678,0x0000000084f80000)
 Metaspace       used 57413K, committed 58816K, reserved 1114112K
  class space    used 6144K, committed 6720K, reserved 1048576K
}
Event: 27.910 GC heap before
{Heap before GC invocations=66 (full 2):
 PSYoungGen      total 16384K, used 16278K [0x00000000d5580000, 0x00000000d6780000, 0x0000000100000000)
  eden space 15360K, 100% used [0x00000000d5580000,0x00000000d6480000,0x00000000d6480000)
  from space 1024K, 89% used [0x00000000d6480000,0x00000000d6565a60,0x00000000d6580000)
  to   space 1536K, 0% used [0x00000000d6600000,0x00000000d6600000,0x00000000d6780000)
 ParOldGen       total 81408K, used 81265K [0x0000000080000000, 0x0000000084f80000, 0x00000000d5580000)
  object space 81408K, 99% used [0x0000000080000000,0x0000000084f5c678,0x0000000084f80000)
 Metaspace       used 58026K, committed 59456K, reserved 1114112K
  class space    used 6198K, committed 6784K, reserved 1048576K
}
Event: 27.912 GC heap after
{Heap after GC invocations=66 (full 2):
 PSYoungGen      total 15872K, used 224K [0x00000000d5580000, 0x00000000d6680000, 0x0000000100000000)
  eden space 15360K, 0% used [0x00000000d5580000,0x00000000d5580000,0x00000000d6480000)
  from space 512K, 43% used [0x00000000d6600000,0x00000000d6638000,0x00000000d6680000)
  to   space 1024K, 0% used [0x00000000d6480000,0x00000000d6480000,0x00000000d6580000)
 ParOldGen       total 81408K, used 81297K [0x0000000080000000, 0x0000000084f80000, 0x00000000d5580000)
  object space 81408K, 99% used [0x0000000080000000,0x0000000084f64678,0x0000000084f80000)
 Metaspace       used 58026K, committed 59456K, reserved 1114112K
  class space    used 6198K, committed 6784K, reserved 1048576K
}
Event: 27.940 GC heap before
{Heap before GC invocations=67 (full 2):
 PSYoungGen      total 15872K, used 2403K [0x00000000d5580000, 0x00000000d6680000, 0x0000000100000000)
  eden space 15360K, 14% used [0x00000000d5580000,0x00000000d57a0f20,0x00000000d6480000)
  from space 512K, 43% used [0x00000000d6600000,0x00000000d6638000,0x00000000d6680000)
  to   space 1024K, 0% used [0x00000000d6480000,0x00000000d6480000,0x00000000d6580000)
 ParOldGen       total 81408K, used 81297K [0x0000000080000000, 0x0000000084f80000, 0x00000000d5580000)
  object space 81408K, 99% used [0x0000000080000000,0x0000000084f64678,0x0000000084f80000)
 Metaspace       used 58367K, committed 59776K, reserved 1114112K
  class space    used 6234K, committed 6848K, reserved 1048576K
}
Event: 27.941 GC heap after
{Heap after GC invocations=67 (full 2):
 PSYoungGen      total 16384K, used 192K [0x00000000d5580000, 0x00000000d6680000, 0x0000000100000000)
  eden space 15360K, 0% used [0x00000000d5580000,0x00000000d5580000,0x00000000d6480000)
  from space 1024K, 18% used [0x00000000d6480000,0x00000000d64b0000,0x00000000d6580000)
  to   space 512K, 0% used [0x00000000d6600000,0x00000000d6600000,0x00000000d6680000)
 ParOldGen       total 81408K, used 81353K [0x0000000080000000, 0x0000000084f80000, 0x00000000d5580000)
  object space 81408K, 99% used [0x0000000080000000,0x0000000084f72678,0x0000000084f80000)
 Metaspace       used 58367K, committed 59776K, reserved 1114112K
  class space    used 6234K, committed 6848K, reserved 1048576K
}
Event: 27.941 GC heap before
{Heap before GC invocations=68 (full 3):
 PSYoungGen      total 16384K, used 192K [0x00000000d5580000, 0x00000000d6680000, 0x0000000100000000)
  eden space 15360K, 0% used [0x00000000d5580000,0x00000000d5580000,0x00000000d6480000)
  from space 1024K, 18% used [0x00000000d6480000,0x00000000d64b0000,0x00000000d6580000)
  to   space 512K, 0% used [0x00000000d6600000,0x00000000d6600000,0x00000000d6680000)
 ParOldGen       total 81408K, used 81353K [0x0000000080000000, 0x0000000084f80000, 0x00000000d5580000)
  object space 81408K, 99% used [0x0000000080000000,0x0000000084f72678,0x0000000084f80000)
 Metaspace       used 58367K, committed 59776K, reserved 1114112K
  class space    used 6234K, committed 6848K, reserved 1048576K
}
Event: 28.081 GC heap after
{Heap after GC invocations=68 (full 3):
 PSYoungGen      total 16384K, used 0K [0x00000000d5580000, 0x00000000d6680000, 0x0000000100000000)
  eden space 15360K, 0% used [0x00000000d5580000,0x00000000d5580000,0x00000000d6480000)
  from space 1024K, 0% used [0x00000000d6480000,0x00000000d6480000,0x00000000d6580000)
  to   space 512K, 0% used [0x00000000d6600000,0x00000000d6600000,0x00000000d6680000)
 ParOldGen       total 81408K, used 57685K [0x0000000080000000, 0x0000000084f80000, 0x00000000d5580000)
  object space 81408K, 70% used [0x0000000080000000,0x00000000838556d0,0x0000000084f80000)
 Metaspace       used 58367K, committed 59776K, reserved 1114112K
  class space    used 6234K, committed 6848K, reserved 1048576K
}
Event: 28.847 GC heap before
{Heap before GC invocations=69 (full 3):
 PSYoungGen      total 16384K, used 15360K [0x00000000d5580000, 0x00000000d6680000, 0x0000000100000000)
  eden space 15360K, 100% used [0x00000000d5580000,0x00000000d6480000,0x00000000d6480000)
  from space 1024K, 0% used [0x00000000d6480000,0x00000000d6480000,0x00000000d6580000)
  to   space 512K, 0% used [0x00000000d6600000,0x00000000d6600000,0x00000000d6680000)
 ParOldGen       total 81408K, used 57685K [0x0000000080000000, 0x0000000084f80000, 0x00000000d5580000)
  object space 81408K, 70% used [0x0000000080000000,0x00000000838556d0,0x0000000084f80000)
 Metaspace       used 59261K, committed 60672K, reserved 1114112K
  class space    used 6328K, committed 6912K, reserved 1048576K
}
Event: 28.849 GC heap after
{Heap after GC invocations=69 (full 3):
 PSYoungGen      total 15872K, used 512K [0x00000000d5580000, 0x00000000d6680000, 0x0000000100000000)
  eden space 15360K, 0% used [0x00000000d5580000,0x00000000d5580000,0x00000000d6480000)
  from space 512K, 100% used [0x00000000d6600000,0x00000000d6680000,0x00000000d6680000)
  to   space 1024K, 0% used [0x00000000d6480000,0x00000000d6480000,0x00000000d6580000)
 ParOldGen       total 81408K, used 57781K [0x0000000080000000, 0x0000000084f80000, 0x00000000d5580000)
  object space 81408K, 70% used [0x0000000080000000,0x000000008386d6d0,0x0000000084f80000)
 Metaspace       used 59261K, committed 60672K, reserved 1114112K
  class space    used 6328K, committed 6912K, reserved 1048576K
}
Event: 29.273 GC heap before
{Heap before GC invocations=70 (full 3):
 PSYoungGen      total 15872K, used 15872K [0x00000000d5580000, 0x00000000d6680000, 0x0000000100000000)
  eden space 15360K, 100% used [0x00000000d5580000,0x00000000d6480000,0x00000000d6480000)
  from space 512K, 100% used [0x00000000d6600000,0x00000000d6680000,0x00000000d6680000)
  to   space 1024K, 0% used [0x00000000d6480000,0x00000000d6480000,0x00000000d6580000)
 ParOldGen       total 81408K, used 57781K [0x0000000080000000, 0x0000000084f80000, 0x00000000d5580000)
  object space 81408K, 70% used [0x0000000080000000,0x000000008386d6d0,0x0000000084f80000)
 Metaspace       used 59492K, committed 60992K, reserved 1114112K
  class space    used 6341K, committed 6976K, reserved 1048576K
}
Event: 29.275 GC heap after
{Heap after GC invocations=70 (full 3):
 PSYoungGen      total 16384K, used 576K [0x00000000d5580000, 0x00000000d6680000, 0x0000000100000000)
  eden space 15360K, 0% used [0x00000000d5580000,0x00000000d5580000,0x00000000d6480000)
  from space 1024K, 56% used [0x00000000d6480000,0x00000000d6510000,0x00000000d6580000)
  to   space 1024K, 0% used [0x00000000d6580000,0x00000000d6580000,0x00000000d6680000)
 ParOldGen       total 81408K, used 58301K [0x0000000080000000, 0x0000000084f80000, 0x00000000d5580000)
  object space 81408K, 71% used [0x0000000080000000,0x00000000838ef6f0,0x0000000084f80000)
 Metaspace       used 59492K, committed 60992K, reserved 1114112K
  class space    used 6341K, committed 6976K, reserved 1048576K
}
Event: 93.600 GC heap before
{Heap before GC invocations=71 (full 3):
 PSYoungGen      total 16384K, used 15936K [0x00000000d5580000, 0x00000000d6680000, 0x0000000100000000)
  eden space 15360K, 100% used [0x00000000d5580000,0x00000000d6480000,0x00000000d6480000)
  from space 1024K, 56% used [0x00000000d6480000,0x00000000d6510000,0x00000000d6580000)
  to   space 1024K, 0% used [0x00000000d6580000,0x00000000d6580000,0x00000000d6680000)
 ParOldGen       total 81408K, used 58301K [0x0000000080000000, 0x0000000084f80000, 0x00000000d5580000)
  object space 81408K, 71% used [0x0000000080000000,0x00000000838ef6f0,0x0000000084f80000)
 Metaspace       used 60709K, committed 62208K, reserved 1114112K
  class space    used 6444K, committed 7040K, reserved 1048576K
}
Event: 93.602 GC heap after
{Heap after GC invocations=71 (full 3):
 PSYoungGen      total 15872K, used 1017K [0x00000000d5580000, 0x00000000d6780000, 0x0000000100000000)
  eden space 14848K, 0% used [0x00000000d5580000,0x00000000d5580000,0x00000000d6400000)
  from space 1024K, 99% used [0x00000000d6580000,0x00000000d667e470,0x00000000d6680000)
  to   space 1536K, 0% used [0x00000000d6400000,0x00000000d6400000,0x00000000d6580000)
 ParOldGen       total 81408K, used 58611K [0x0000000080000000, 0x0000000084f80000, 0x00000000d5580000)
  object space 81408K, 71% used [0x0000000080000000,0x000000008393cd98,0x0000000084f80000)
 Metaspace       used 60709K, committed 62208K, reserved 1114112K
  class space    used 6444K, committed 7040K, reserved 1048576K
}

Dll operation events (10 events):
Event: 0.039 Loaded shared library c:\Users\JACOB MULULE\.qoder\extensions\redhat.java-1.50.0-win32-x64\jre\21.0.9-win32-x86_64\bin\java.dll
Event: 0.300 Loaded shared library c:\Users\JACOB MULULE\.qoder\extensions\redhat.java-1.50.0-win32-x64\jre\21.0.9-win32-x86_64\bin\zip.dll
Event: 0.405 Loaded shared library C:\Users\JACOB MULULE\.qoder\extensions\redhat.java-1.50.0-win32-x64\jre\21.0.9-win32-x86_64\bin\instrument.dll
Event: 0.454 Loaded shared library C:\Users\JACOB MULULE\.qoder\extensions\redhat.java-1.50.0-win32-x64\jre\21.0.9-win32-x86_64\bin\net.dll
Event: 0.457 Loaded shared library C:\Users\JACOB MULULE\.qoder\extensions\redhat.java-1.50.0-win32-x64\jre\21.0.9-win32-x86_64\bin\nio.dll
Event: 0.464 Loaded shared library C:\Users\JACOB MULULE\.qoder\extensions\redhat.java-1.50.0-win32-x64\jre\21.0.9-win32-x86_64\bin\zip.dll
Event: 0.545 Loaded shared library C:\Users\JACOB MULULE\.qoder\extensions\redhat.java-1.50.0-win32-x64\jre\21.0.9-win32-x86_64\bin\jimage.dll
Event: 0.693 Loaded shared library c:\Users\JACOB MULULE\.qoder\extensions\redhat.java-1.50.0-win32-x64\jre\21.0.9-win32-x86_64\bin\verify.dll
Event: 3.481 Loaded shared library C:\Users\JACOB MULULE\AppData\Roaming\Qoder\User\globalStorage\redhat.java\1.50.0\config_win\org.eclipse.equinox.launcher\org.eclipse.equinox.launcher.win32.win32.x86_64_1.2.1400.v20250801-0854\eclipse_11916.dll
Event: 7.168 Loaded shared library C:\Users\JACOB MULULE\AppData\Local\Temp\jna--1530015509\jna7590805827859469723.dll

Deoptimization events (20 events):
Event: 393.422 Thread 0x000002607c162890 Uncommon trap: trap_request=0xffffffde fr.pc=0x000002606ab366fc relative=0x000000000000033c
Event: 393.422 Thread 0x000002607c162890 Uncommon trap: reason=class_check action=maybe_recompile pc=0x000002606ab366fc method=java.io.DataOutputStream.writeByte(I)V @ 5 c2
Event: 393.422 Thread 0x000002607c162890 DEOPT PACKING pc=0x000002606ab366fc sp=0x000000f635bfed10
Event: 393.422 Thread 0x000002607c162890 DEOPT UNPACKING pc=0x0000026069e23aa2 sp=0x000000f635bfecc8 mode 2
Event: 393.422 Thread 0x000002607c162890 Uncommon trap: trap_request=0xffffffde fr.pc=0x000002606ab548d4 relative=0x0000000000000b94
Event: 393.422 Thread 0x000002607c162890 Uncommon trap: reason=class_check action=maybe_recompile pc=0x000002606ab548d4 method=java.io.DataOutputStream.write([BII)V @ 7 c2
Event: 393.422 Thread 0x000002607c162890 DEOPT PACKING pc=0x000002606ab548d4 sp=0x000000f635bfec40
Event: 393.422 Thread 0x000002607c162890 DEOPT UNPACKING pc=0x0000026069e23aa2 sp=0x000000f635bfeb70 mode 2
Event: 393.422 Thread 0x000002607c162890 Uncommon trap: trap_request=0xffffffde fr.pc=0x000002606ab548d4 relative=0x0000000000000b94
Event: 393.422 Thread 0x000002607c162890 Uncommon trap: reason=class_check action=maybe_recompile pc=0x000002606ab548d4 method=java.io.DataOutputStream.write([BII)V @ 7 c2
Event: 393.422 Thread 0x000002607c162890 DEOPT PACKING pc=0x000002606ab548d4 sp=0x000000f635bfeb90
Event: 393.422 Thread 0x000002607c162890 DEOPT UNPACKING pc=0x0000026069e23aa2 sp=0x000000f635bfeac0 mode 2
Event: 393.422 Thread 0x000002607c162890 Uncommon trap: trap_request=0xffffffde fr.pc=0x000002606ab37604 relative=0x0000000000000444
Event: 393.422 Thread 0x000002607c162890 Uncommon trap: reason=class_check action=maybe_recompile pc=0x000002606ab37604 method=java.io.DataOutputStream.writeInt(I)V @ 19 c2
Event: 393.422 Thread 0x000002607c162890 DEOPT PACKING pc=0x000002606ab37604 sp=0x000000f635bfe830
Event: 393.422 Thread 0x000002607c162890 DEOPT UNPACKING pc=0x0000026069e23aa2 sp=0x000000f635bfe7d8 mode 2
Event: 1142.539 Thread 0x000002607c1607c0 Uncommon trap: trap_request=0xffffff45 fr.pc=0x000002606ab590e8 relative=0x00000000000001a8
Event: 1142.540 Thread 0x000002607c1607c0 Uncommon trap: reason=unstable_if action=reinterpret pc=0x000002606ab590e8 method=java.io.ObjectOutputStream$HandleTable.lookup(Ljava/lang/Object;)I @ 4 c2
Event: 1142.540 Thread 0x000002607c1607c0 DEOPT PACKING pc=0x000002606ab590e8 sp=0x000000f6363fe8c0
Event: 1142.540 Thread 0x000002607c1607c0 DEOPT UNPACKING pc=0x0000026069e23aa2 sp=0x000000f6363fe850 mode 2

Classes loaded (20 events):
Event: 393.320 Loading class java/util/stream/Nodes$CollectorTask done
Event: 393.320 Loading class java/util/stream/Nodes$CollectorTask$OfRef done
Event: 393.320 Loading class java/util/function/LongFunction
Event: 393.320 Loading class java/util/function/LongFunction done
Event: 393.320 Loading class java/util/stream/Nodes$ConcNode
Event: 393.321 Loading class java/util/stream/Nodes$AbstractConcNode
Event: 393.321 Loading class java/util/stream/Nodes$AbstractConcNode done
Event: 393.321 Loading class java/util/stream/Nodes$ConcNode done
Event: 393.365 Loading class java/util/stream/Nodes$ToArrayTask$OfRef
Event: 393.365 Loading class java/util/stream/Nodes$ToArrayTask
Event: 393.365 Loading class java/util/stream/Nodes$ToArrayTask done
Event: 393.366 Loading class java/util/stream/Nodes$ToArrayTask$OfRef done
Event: 393.373 Loading class java/io/ObjectOutputStream$BlockDataOutputStream
Event: 393.375 Loading class java/io/ObjectOutputStream$BlockDataOutputStream done
Event: 393.375 Loading class java/io/ObjectOutputStream$HandleTable
Event: 393.375 Loading class java/io/ObjectOutputStream$HandleTable done
Event: 393.375 Loading class java/io/ObjectOutputStream$ReplaceTable
Event: 393.375 Loading class java/io/ObjectOutputStream$ReplaceTable done
Event: 393.378 Loading class java/nio/charset/CharacterCodingException
Event: 393.378 Loading class java/nio/charset/CharacterCodingException done

Classes unloaded (7 events):
Event: 8.295 Thread 0x000002605f5f1bf0 Unloading class 0x00000260011ad400 'java/lang/invoke/LambdaForm$MH+0x00000260011ad400'
Event: 8.295 Thread 0x000002605f5f1bf0 Unloading class 0x00000260011ad000 'java/lang/invoke/LambdaForm$MH+0x00000260011ad000'
Event: 8.295 Thread 0x000002605f5f1bf0 Unloading class 0x00000260011acc00 'java/lang/invoke/LambdaForm$MH+0x00000260011acc00'
Event: 8.295 Thread 0x000002605f5f1bf0 Unloading class 0x00000260011ac800 'java/lang/invoke/LambdaForm$MH+0x00000260011ac800'
Event: 8.295 Thread 0x000002605f5f1bf0 Unloading class 0x00000260011ac400 'java/lang/invoke/LambdaForm$BMH+0x00000260011ac400'
Event: 8.295 Thread 0x000002605f5f1bf0 Unloading class 0x00000260011ac000 'java/lang/invoke/LambdaForm$DMH+0x00000260011ac000'
Event: 8.295 Thread 0x000002605f5f1bf0 Unloading class 0x00000260011aac00 'java/lang/invoke/LambdaForm$DMH+0x00000260011aac00'

Classes redefined (0 events):
No events

Internal exceptions (20 events):
Event: 25.798 Thread 0x000002607c162890 Exception <a 'java/lang/NoSuchMethodError'{0x00000000d5f5e678}: 'java.lang.Object java.lang.invoke.DirectMethodHandle$Holder.invokeSpecial(java.lang.Object, java.lang.Object, int, long)'> (0x00000000d5f5e678) 
thrown [s\src\hotspot\share\interpreter\linkResolver.cpp, line 773]
Event: 27.246 Thread 0x000002607c162890 Exception <a 'java/lang/NoSuchMethodError'{0x00000000d5be9bf0}: 'java.lang.Object java.lang.invoke.DirectMethodHandle$Holder.invokeStatic(java.lang.Object, java.lang.Object, int, java.lang.Object)'> (0x00000000d5be9bf0) 
thrown [s\src\hotspot\share\interpreter\linkResolver.cpp, line 773]
Event: 27.254 Thread 0x000002607c162890 Exception <a 'java/lang/NoSuchMethodError'{0x00000000d5bf0468}: 'java.lang.Object java.lang.invoke.DirectMethodHandle$Holder.newInvokeSpecial(java.lang.Object, java.lang.Object, int)'> (0x00000000d5bf0468) 
thrown [s\src\hotspot\share\interpreter\linkResolver.cpp, line 773]
Event: 28.717 Thread 0x000002607c162890 Exception <a 'java/lang/NoSuchMethodError'{0x00000000d5f0daa8}: 'java.lang.Object java.lang.invoke.DirectMethodHandle$Holder.invokeStatic(java.lang.Object, java.lang.Object, int, int)'> (0x00000000d5f0daa8) 
thrown [s\src\hotspot\share\interpreter\linkResolver.cpp, line 773]
Event: 28.717 Thread 0x000002607c162890 Exception <a 'java/lang/NoSuchMethodError'{0x00000000d5f11b08}: 'java.lang.Object java.lang.invoke.DirectMethodHandle$Holder.invokeSpecial(java.lang.Object, java.lang.Object, java.lang.Object, int, int)'> (0x00000000d5f11b08) 
thrown [s\src\hotspot\share\interpreter\linkResolver.cpp, line 773]
Event: 28.780 Thread 0x000002607c162890 Implicit null exception at 0x000002606a53054c to 0x000002606a530729
Event: 93.282 Thread 0x000002607ccc4d90 Exception <a 'sun/nio/fs/WindowsException'{0x00000000d5e9e6b8}> (0x00000000d5e9e6b8) 
thrown [s\src\hotspot\share\prims\jni.cpp, line 520]
Event: 93.282 Thread 0x000002607ccc4d90 Exception <a 'sun/nio/fs/WindowsException'{0x00000000d5e9f228}> (0x00000000d5e9f228) 
thrown [s\src\hotspot\share\prims\jni.cpp, line 520]
Event: 93.480 Thread 0x000002607c162890 Exception <a 'java/io/FileNotFoundException'{0x00000000d600f340}> (0x00000000d600f340) 
thrown [s\src\hotspot\share\prims\jni.cpp, line 520]
Event: 93.481 Thread 0x000002607c162890 Exception <a 'java/io/FileNotFoundException'{0x00000000d6010718}> (0x00000000d6010718) 
thrown [s\src\hotspot\share\prims\jni.cpp, line 520]
Event: 93.481 Thread 0x000002607c162890 Exception <a 'java/io/FileNotFoundException'{0x00000000d6011770}> (0x00000000d6011770) 
thrown [s\src\hotspot\share\prims\jni.cpp, line 520]
Event: 393.360 Thread 0x000002607c162890 Exception <a 'sun/nio/fs/WindowsException'{0x00000000d56efbf0}> (0x00000000d56efbf0) 
thrown [s\src\hotspot\share\prims\jni.cpp, line 520]
Event: 393.360 Thread 0x000002607c162890 Exception <a 'sun/nio/fs/WindowsException'{0x00000000d56f0740}> (0x00000000d56f0740) 
thrown [s\src\hotspot\share\prims\jni.cpp, line 520]
Event: 393.361 Thread 0x000002607c162890 Implicit null exception at 0x000002606a9c7a09 to 0x000002606a9c7dac
Event: 393.411 Thread 0x000002607c162890 Exception <a 'java/lang/NoSuchMethodError'{0x00000000d57b8010}: static [J.<clinit>()V> (0x00000000d57b8010) 
thrown [s\src\hotspot\share\prims\jni.cpp, line 1111]
Event: 393.426 Thread 0x000002607c162890 Exception <a 'java/lang/NoSuchMethodError'{0x00000000d57e3028}: 'java.lang.Object java.lang.invoke.DirectMethodHandle$Holder.newInvokeSpecial(java.lang.Object, java.lang.Object, java.lang.Object, java.lang.Object, java.lang.Object, java.lang.Object, java.lang.Object, java.lang.Object)'> (0x00000000d57e3028) 
thrown [s\src\hotspot\share\interpreter\linkResolver.cpp, line 773]
Event: 1142.532 Thread 0x000002607c1607c0 Exception <a 'sun/nio/fs/WindowsException'{0x00000000d592d9f8}> (0x00000000d592d9f8) 
thrown [s\src\hotspot\share\prims\jni.cpp, line 520]
Event: 1142.532 Thread 0x000002607c1607c0 Exception <a 'sun/nio/fs/WindowsException'{0x00000000d592ea40}> (0x00000000d592ea40) 
thrown [s\src\hotspot\share\prims\jni.cpp, line 520]
Event: 1572.036 Thread 0x000002607c162890 Exception <a 'sun/nio/fs/WindowsException'{0x00000000d5a1cec8}> (0x00000000d5a1cec8) 
thrown [s\src\hotspot\share\prims\jni.cpp, line 520]
Event: 1572.036 Thread 0x000002607c162890 Exception <a 'sun/nio/fs/WindowsException'{0x00000000d5a1da18}> (0x00000000d5a1da18) 
thrown [s\src\hotspot\share\prims\jni.cpp, line 520]

ZGC Phase Switch (0 events):
No events

VM Operations (20 events):
Event: 3786.492 Executing VM operation: RendezvousGCThreads
Event: 3786.492 Executing VM operation: RendezvousGCThreads done
Event: 3906.811 Executing VM operation: HandshakeAllThreads (HandshakeForDeflation)
Event: 3906.811 Executing VM operation: HandshakeAllThreads (HandshakeForDeflation) done
Event: 3906.811 Executing VM operation: RendezvousGCThreads
Event: 3906.811 Executing VM operation: RendezvousGCThreads done
Event: 3907.811 Executing VM operation: Cleanup
Event: 3907.811 Executing VM operation: Cleanup done
Event: 3966.865 Executing VM operation: HandshakeAllThreads (HandshakeForDeflation)
Event: 3966.865 Executing VM operation: HandshakeAllThreads (HandshakeForDeflation) done
Event: 3966.865 Executing VM operation: RendezvousGCThreads
Event: 3966.865 Executing VM operation: RendezvousGCThreads done
Event: 4026.955 Executing VM operation: HandshakeAllThreads (HandshakeForDeflation)
Event: 4026.956 Executing VM operation: HandshakeAllThreads (HandshakeForDeflation) done
Event: 4026.956 Executing VM operation: RendezvousGCThreads
Event: 4026.956 Executing VM operation: RendezvousGCThreads done
Event: 4086.968 Executing VM operation: HandshakeAllThreads (HandshakeForDeflation)
Event: 4086.969 Executing VM operation: HandshakeAllThreads (HandshakeForDeflation) done
Event: 4086.969 Executing VM operation: RendezvousGCThreads
Event: 4086.969 Executing VM operation: RendezvousGCThreads done

Memory protections (0 events):
No events

Nmethod flushes (20 events):
Event: 27.996 Thread 0x000002605f5f1bf0 flushing  nmethod 0x0000026063164790
Event: 27.996 Thread 0x000002605f5f1bf0 flushing  nmethod 0x0000026063169090
Event: 27.996 Thread 0x000002605f5f1bf0 flushing  nmethod 0x000002606316a110
Event: 27.996 Thread 0x000002605f5f1bf0 flushing  nmethod 0x00000260631ac890
Event: 27.996 Thread 0x000002605f5f1bf0 flushing  nmethod 0x00000260631ace90
Event: 27.996 Thread 0x000002605f5f1bf0 flushing  nmethod 0x00000260631b3990
Event: 27.996 Thread 0x000002605f5f1bf0 flushing  nmethod 0x00000260631ba190
Event: 27.996 Thread 0x000002605f5f1bf0 flushing  nmethod 0x00000260631bc190
Event: 27.996 Thread 0x000002605f5f1bf0 flushing  nmethod 0x00000260631bd790
Event: 27.996 Thread 0x000002605f5f1bf0 flushing  nmethod 0x00000260631be790
Event: 27.996 Thread 0x000002605f5f1bf0 flushing  nmethod 0x00000260631c0090
Event: 27.996 Thread 0x000002605f5f1bf0 flushing  nmethod 0x00000260631c0490
Event: 27.996 Thread 0x000002605f5f1bf0 flushing  nmethod 0x00000260631c0910
Event: 27.996 Thread 0x000002605f5f1bf0 flushing  nmethod 0x00000260631c8990
Event: 27.996 Thread 0x000002605f5f1bf0 flushing  nmethod 0x00000260631c9510
Event: 27.996 Thread 0x000002605f5f1bf0 flushing  nmethod 0x00000260631ca890
Event: 27.996 Thread 0x000002605f5f1bf0 flushing  nmethod 0x00000260631f2990
Event: 27.996 Thread 0x000002605f5f1bf0 flushing  nmethod 0x000002606320b390
Event: 27.996 Thread 0x000002605f5f1bf0 flushing osr nmethod 0x0000026063253a90
Event: 27.996 Thread 0x000002605f5f1bf0 flushing  nmethod 0x0000026063269610

Events (20 events):
Event: 393.370 Thread 0x000002607d1ff4d0 Thread exited: 0x000002607d1ff4d0
Event: 444.370 Thread 0x000002607ccc4070 Thread exited: 0x000002607ccc4070
Event: 1142.519 Thread 0x000002607c1607c0 Thread added: 0x000002607d200880
Event: 1142.520 Thread 0x000002607d200880 Thread exited: 0x000002607d200880
Event: 1142.534 Thread 0x000002607c1607c0 Thread added: 0x000002607d1ff4d0
Event: 1142.534 Thread 0x000002607d1ff4d0 Thread added: 0x000002607d1ffb60
Event: 1142.534 Thread 0x000002607d1ff4d0 Thread added: 0x000002607d200880
Event: 1142.535 Thread 0x000002607d1ff4d0 Thread exited: 0x000002607d1ff4d0
Event: 1142.535 Thread 0x000002607d1ffb60 Thread exited: 0x000002607d1ffb60
Event: 1142.535 Thread 0x000002607d200880 Thread exited: 0x000002607d200880
Event: 1142.547 Thread 0x0000026077912d30 Thread added: 0x0000026041d65af0
Event: 1142.679 Thread 0x0000026041d65af0 Thread exited: 0x0000026041d65af0
Event: 1572.031 Thread 0x000002607c162890 Thread added: 0x000002607d1ffb60
Event: 1572.032 Thread 0x000002607d1ffb60 Thread exited: 0x000002607d1ffb60
Event: 1572.037 Thread 0x000002607c162890 Thread added: 0x000002607d1ff4d0
Event: 1572.037 Thread 0x000002607d1ff4d0 Thread added: 0x000002607d200880
Event: 1572.037 Thread 0x000002607d1ff4d0 Thread added: 0x000002607d1ffb60
Event: 1572.038 Thread 0x000002607d1ffb60 Thread exited: 0x000002607d1ffb60
Event: 1572.038 Thread 0x000002607d1ff4d0 Thread exited: 0x000002607d1ff4d0
Event: 1572.038 Thread 0x000002607d200880 Thread exited: 0x000002607d200880


Dynamic libraries:
0x00007ff78d3e0000 - 0x00007ff78d3ee000 	c:\Users\JACOB MULULE\.qoder\extensions\redhat.java-1.50.0-win32-x64\jre\21.0.9-win32-x86_64\bin\java.exe
0x00007fff44880000 - 0x00007fff44ae7000 	C:\WINDOWS\SYSTEM32\ntdll.dll
0x00007fff43ce0000 - 0x00007fff43da9000 	C:\WINDOWS\System32\KERNEL32.DLL
0x00007fff42160000 - 0x00007fff4254f000 	C:\WINDOWS\System32\KERNELBASE.dll
0x00007fff41d60000 - 0x00007fff41eab000 	C:\WINDOWS\System32\ucrtbase.dll
0x00007fff0bad0000 - 0x00007fff0bae8000 	c:\Users\JACOB MULULE\.qoder\extensions\redhat.java-1.50.0-win32-x64\jre\21.0.9-win32-x86_64\bin\jli.dll
0x00007fff42780000 - 0x00007fff42945000 	C:\WINDOWS\System32\USER32.dll
0x00007fff41c80000 - 0x00007fff41ca7000 	C:\WINDOWS\System32\win32u.dll
0x00007fff43e40000 - 0x00007fff43e6b000 	C:\WINDOWS\System32\GDI32.dll
0x00007fff41eb0000 - 0x00007fff41fdc000 	C:\WINDOWS\System32\gdi32full.dll
0x00007fff41cb0000 - 0x00007fff41d53000 	C:\WINDOWS\System32\msvcp_win.dll
0x00007fff0ba80000 - 0x00007fff0ba9e000 	c:\Users\JACOB MULULE\.qoder\extensions\redhat.java-1.50.0-win32-x64\jre\21.0.9-win32-x86_64\bin\VCRUNTIME140.dll
0x00007fff2db10000 - 0x00007fff2dda3000 	C:\WINDOWS\WinSxS\amd64_microsoft.windows.common-controls_6595b64144ccf1df_6.0.26100.7309_none_3e05feeae336a044\COMCTL32.dll
0x00007fff43c30000 - 0x00007fff43cd9000 	C:\WINDOWS\System32\msvcrt.dll
0x00007fff43db0000 - 0x00007fff43de1000 	C:\WINDOWS\System32\IMM32.DLL
0x00007fff2e340000 - 0x00007fff2e34c000 	c:\Users\JACOB MULULE\.qoder\extensions\redhat.java-1.50.0-win32-x64\jre\21.0.9-win32-x86_64\bin\vcruntime140_1.dll
0x00007ffeea880000 - 0x00007ffeea90d000 	c:\Users\JACOB MULULE\.qoder\extensions\redhat.java-1.50.0-win32-x64\jre\21.0.9-win32-x86_64\bin\msvcp140.dll
0x00007ffe95b30000 - 0x00007ffe968d0000 	c:\Users\JACOB MULULE\.qoder\extensions\redhat.java-1.50.0-win32-x64\jre\21.0.9-win32-x86_64\bin\server\jvm.dll
0x00007fff42c40000 - 0x00007fff42cf4000 	C:\WINDOWS\System32\ADVAPI32.dll
0x00007fff43610000 - 0x00007fff436b6000 	C:\WINDOWS\System32\sechost.dll
0x00007fff42950000 - 0x00007fff42a68000 	C:\WINDOWS\System32\RPCRT4.dll
0x00007fff42a70000 - 0x00007fff42ae4000 	C:\WINDOWS\System32\WS2_32.dll
0x00007fff41830000 - 0x00007fff4188e000 	C:\WINDOWS\SYSTEM32\POWRPROF.dll
0x00007fff31500000 - 0x00007fff31535000 	C:\WINDOWS\SYSTEM32\WINMM.dll
0x00007fff3abf0000 - 0x00007fff3abfb000 	C:\WINDOWS\SYSTEM32\VERSION.dll
0x00007fff41810000 - 0x00007fff41824000 	C:\WINDOWS\SYSTEM32\UMPDC.dll
0x00007fff40750000 - 0x00007fff4076b000 	C:\WINDOWS\SYSTEM32\kernel.appcore.dll
0x00007fff2e2a0000 - 0x00007fff2e2aa000 	c:\Users\JACOB MULULE\.qoder\extensions\redhat.java-1.50.0-win32-x64\jre\21.0.9-win32-x86_64\bin\jimage.dll
0x00007fff3f010000 - 0x00007fff3f252000 	C:\WINDOWS\SYSTEM32\DBGHELP.DLL
0x00007fff44440000 - 0x00007fff447c5000 	C:\WINDOWS\System32\combase.dll
0x00007fff43b50000 - 0x00007fff43c26000 	C:\WINDOWS\System32\OLEAUT32.dll
0x00007fff1e6f0000 - 0x00007fff1e72c000 	C:\WINDOWS\SYSTEM32\dbgcore.DLL
0x00007fff41bd0000 - 0x00007fff41c75000 	C:\WINDOWS\System32\bcryptPrimitives.dll
0x00007fff24d60000 - 0x00007fff24d6f000 	c:\Users\JACOB MULULE\.qoder\extensions\redhat.java-1.50.0-win32-x64\jre\21.0.9-win32-x86_64\bin\instrument.dll
0x00007fff03ac0000 - 0x00007fff03ae0000 	c:\Users\JACOB MULULE\.qoder\extensions\redhat.java-1.50.0-win32-x64\jre\21.0.9-win32-x86_64\bin\java.dll
0x00007fff42e00000 - 0x00007fff43553000 	C:\WINDOWS\System32\SHELL32.dll
0x00007fff419d0000 - 0x00007fff41b3a000 	C:\WINDOWS\System32\wintypes.dll
0x00007fff3f5b0000 - 0x00007fff3fe0e000 	C:\WINDOWS\SYSTEM32\windows.storage.dll
0x00007fff42d00000 - 0x00007fff42df5000 	C:\WINDOWS\System32\SHCORE.dll
0x00007fff447d0000 - 0x00007fff44836000 	C:\WINDOWS\System32\shlwapi.dll
0x00007fff418f0000 - 0x00007fff41919000 	C:\WINDOWS\SYSTEM32\profapi.dll
0x00007fff0c460000 - 0x00007fff0c478000 	c:\Users\JACOB MULULE\.qoder\extensions\redhat.java-1.50.0-win32-x64\jre\21.0.9-win32-x86_64\bin\zip.dll
0x00007fff202e0000 - 0x00007fff202f0000 	C:\Users\JACOB MULULE\.qoder\extensions\redhat.java-1.50.0-win32-x64\jre\21.0.9-win32-x86_64\bin\net.dll
0x00007fff39190000 - 0x00007fff392b8000 	C:\WINDOWS\SYSTEM32\WINHTTP.dll
0x00007fff40cd0000 - 0x00007fff40d3b000 	C:\WINDOWS\system32\mswsock.dll
0x00007fff00190000 - 0x00007fff001a6000 	C:\Users\JACOB MULULE\.qoder\extensions\redhat.java-1.50.0-win32-x64\jre\21.0.9-win32-x86_64\bin\nio.dll
0x00007fff1c940000 - 0x00007fff1c950000 	c:\Users\JACOB MULULE\.qoder\extensions\redhat.java-1.50.0-win32-x64\jre\21.0.9-win32-x86_64\bin\verify.dll
0x00007ffef1bb0000 - 0x00007ffef1bf4000 	C:\Users\JACOB MULULE\AppData\Roaming\Qoder\User\globalStorage\redhat.java\1.50.0\config_win\org.eclipse.equinox.launcher\org.eclipse.equinox.launcher.win32.win32.x86_64_1.2.1400.v20250801-0854\eclipse_11916.dll
0x00007fff440c0000 - 0x00007fff44257000 	C:\WINDOWS\System32\ole32.dll
0x00007fff40fb0000 - 0x00007fff40fcb000 	C:\WINDOWS\SYSTEM32\CRYPTSP.dll
0x00007fff406b0000 - 0x00007fff406ea000 	C:\WINDOWS\system32\rsaenh.dll
0x00007fff40d80000 - 0x00007fff40dab000 	C:\WINDOWS\SYSTEM32\USERENV.dll
0x00007fff418c0000 - 0x00007fff418ea000 	C:\WINDOWS\SYSTEM32\bcrypt.dll
0x00007fff40fd0000 - 0x00007fff40fdc000 	C:\WINDOWS\SYSTEM32\CRYPTBASE.dll
0x00007fff40130000 - 0x00007fff40164000 	C:\WINDOWS\SYSTEM32\IPHLPAPI.DLL
0x00007fff42c30000 - 0x00007fff42c3a000 	C:\WINDOWS\System32\NSI.dll
0x00007ffef1b60000 - 0x00007ffef1ba9000 	C:\Users\JACOB MULULE\AppData\Local\Temp\jna--1530015509\jna7590805827859469723.dll
0x00007fff42770000 - 0x00007fff42778000 	C:\WINDOWS\System32\PSAPI.DLL
0x00007fff39160000 - 0x00007fff3917e000 	C:\WINDOWS\SYSTEM32\dhcpcsvc6.DLL
0x00007fff39130000 - 0x00007fff39153000 	C:\WINDOWS\SYSTEM32\dhcpcsvc.DLL

JVMTI agents:
c:\Users\JACOB MULULE\.qoder\extensions\redhat.java-1.50.0-win32-x64\lombok\lombok-1.18.39-4050.jar path:c:\Users\JACOB MULULE\.qoder\extensions\redhat.java-1.50.0-win32-x64\jre\21.0.9-win32-x86_64\bin\instrument.dll, loaded, initialized, instrumentlib options:none

dbghelp: loaded successfully - version: 4.0.5 - missing functions: none
symbol engine: initialized successfully - sym options: 0x614 - pdb path: .;c:\Users\JACOB MULULE\.qoder\extensions\redhat.java-1.50.0-win32-x64\jre\21.0.9-win32-x86_64\bin;C:\WINDOWS\SYSTEM32;C:\WINDOWS\WinSxS\amd64_microsoft.windows.common-controls_6595b64144ccf1df_6.0.26100.7309_none_3e05feeae336a044;c:\Users\JACOB MULULE\.qoder\extensions\redhat.java-1.50.0-win32-x64\jre\21.0.9-win32-x86_64\bin\server;C:\Users\JACOB MULULE\AppData\Roaming\Qoder\User\globalStorage\redhat.java\1.50.0\config_win\org.eclipse.equinox.launcher\org.eclipse.equinox.launcher.win32.win32.x86_64_1.2.1400.v20250801-0854;C:\Users\JACOB MULULE\AppData\Local\Temp\jna--1530015509

VM Arguments:
jvm_args: --add-modules=ALL-SYSTEM --add-opens=java.base/java.util=ALL-UNNAMED --add-opens=java.base/java.lang=ALL-UNNAMED --add-opens=java.base/sun.nio.fs=ALL-UNNAMED -Declipse.application=org.eclipse.jdt.ls.core.id1 -Dosgi.bundles.defaultStartLevel=4 -Declipse.product=org.eclipse.jdt.ls.core.product -Djava.import.generatesMetadataFilesAtProjectRoot=false -DDetectVMInstallationsJob.disabled=true -Dfile.encoding=utf8 -XX:+UseParallelGC -XX:GCTimeRatio=4 -XX:AdaptiveSizePolicyWeight=90 -Dsun.zip.disableMemoryMapping=true -Xmx2G -Xms100m -Xlog:disable -javaagent:c:\Users\JACOB MULULE\.qoder\extensions\redhat.java-1.50.0-win32-x64\lombok\lombok-1.18.39-4050.jar -XX:+HeapDumpOnOutOfMemoryError -XX:HeapDumpPath=c:\Users\JACOB MULULE\AppData\Roaming\Qoder\User\workspaceStorage\64a3b491490506c49feca7e84a6a81ab\redhat.java -Daether.dependencyCollector.impl=bf 
java_command: c:\Users\JACOB MULULE\.qoder\extensions\redhat.java-1.50.0-win32-x64\server\plugins\org.eclipse.equinox.launcher_1.7.100.v20251111-0406.jar -configuration c:\Users\JACOB MULULE\AppData\Roaming\Qoder\User\globalStorage\redhat.java\1.50.0\config_win -data c:\Users\JACOB MULULE\AppData\Roaming\Qoder\User\workspaceStorage\64a3b491490506c49feca7e84a6a81ab\redhat.java\jdt_ws --pipe=\\.\pipe\lsp-9d502a82bb549775dcfe8fb143c24df9-sock
java_class_path (initial): c:\Users\JACOB MULULE\.qoder\extensions\redhat.java-1.50.0-win32-x64\server\plugins\org.eclipse.equinox.launcher_1.7.100.v20251111-0406.jar
Launcher Type: SUN_STANDARD

[Global flags]
    uintx AdaptiveSizePolicyWeight                 = 90                                        {product} {command line}
     intx CICompilerCount                          = 4                                         {product} {ergonomic}
    uintx GCTimeRatio                              = 4                                         {product} {command line}
     bool HeapDumpOnOutOfMemoryError               = true                                   {manageable} {command line}
    ccstr HeapDumpPath                             = c:\Users\JACOB MULULE\AppData\Roaming\Qoder\User\workspaceStorage\64a3b491490506c49feca7e84a6a81ab\redhat.java         {manageable} {command line}
   size_t InitialHeapSize                          = 104857600                                 {product} {command line}
   size_t MaxHeapSize                              = 2147483648                                {product} {command line}
   size_t MaxNewSize                               = 715653120                                 {product} {ergonomic}
   size_t MinHeapDeltaBytes                        = 524288                                    {product} {ergonomic}
   size_t MinHeapSize                              = 104857600                                 {product} {command line}
   size_t NewSize                                  = 34603008                                  {product} {ergonomic}
    uintx NonNMethodCodeHeapSize                   = 5839372                                {pd product} {ergonomic}
    uintx NonProfiledCodeHeapSize                  = 122909434                              {pd product} {ergonomic}
   size_t OldSize                                  = 70254592                                  {product} {ergonomic}
    uintx ProfiledCodeHeapSize                     = 122909434                              {pd product} {ergonomic}
    uintx ReservedCodeCacheSize                    = 251658240                              {pd product} {ergonomic}
     bool SegmentedCodeCache                       = true                                      {product} {ergonomic}
   size_t SoftMaxHeapSize                          = 2147483648                             {manageable} {ergonomic}
     bool UseCompressedOops                        = true                           {product lp64_product} {ergonomic}
     bool UseLargePagesIndividualAllocation        = false                                  {pd product} {ergonomic}
     bool UseParallelGC                            = true                                      {product} {command line}

Logging:
Log output configuration:
 #0: stdout all=off uptime,level,tags foldmultilines=false
 #1: stderr all=off uptime,level,tags foldmultilines=false

Release file:
JAVA_VERSION="21.0.9" 
MODULES="java.base java.compiler java.datatransfer java.xml java.prefs java.desktop java.instrument java.logging java.management java.security.sasl java.naming java.rmi java.management.rmi java.net.http java.scripting java.security.jgss java.transaction.xa java.sql java.sql.rowset java.xml.crypto java.se java.smartcardio jdk.accessibility jdk.internal.jvmstat jdk.attach jdk.charsets jdk.internal.opt jdk.zipfs jdk.compiler jdk.crypto.ec jdk.crypto.cryptoki jdk.crypto.mscapi jdk.dynalink jdk.internal.ed jdk.editpad jdk.hotspot.agent jdk.httpserver jdk.internal.le jdk.internal.vm.ci jdk.internal.vm.compiler jdk.internal.vm.compiler.management jdk.jartool jdk.javadoc jdk.jcmd jdk.management jdk.management.agent jdk.jconsole jdk.jdeps jdk.jdwp.agent jdk.jdi jdk.jfr jdk.jshell jdk.jsobject jdk.jstatd jdk.localedata jdk.management.jfr jdk.naming.dns jdk.naming.rmi jdk.net jdk.nio.mapmode jdk.random jdk.sctp jdk.security.auth jdk.security.jgss jdk.unsupported jdk.unsupported.desktop jdk.xml.dom" 

Environment Variables:
PATH=C:\Program Files\Common Files\Oracle\Java\javapath;C:\WINDOWS\system32;C:\WINDOWS;C:\WINDOWS\System32\Wbem;C:\WINDOWS\System32\WindowsPowerShell\v1.0\;C:\WINDOWS\System32\OpenSSH\;C:\Program Files\NVIDIA Corporation\NVIDIA App\NvDLISR;C:\Program Files\Git\cmd;C:\Program Files\nodejs\;C:\Program Files\dotnet\;C:\Program Files (x86)\NVIDIA Corporation\PhysX\Common;C:\Users\JACOB MULULE\AppData\Local\Microsoft\WindowsApps;C:\Users\JACOB MULULE\AppData\Local\Programs\Qoder\bin;C:\Users\JACOB MULULE\AppData\Roaming\npm
USERNAME=JACOB MULULE
OS=Windows_NT
PROCESSOR_IDENTIFIER=Intel64 Family 6 Model 165 Stepping 2, GenuineIntel
TMP=C:\Users\JACOBM~1\AppData\Local\Temp
TEMP=C:\Users\JACOBM~1\AppData\Local\Temp




Periodic native trim disabled

---------------  S Y S T E M  ---------------

OS:
 Windows 11 , 64 bit Build 26100 (10.0.26100.7309)
OS uptime: 1 days 0:50 hours
Hyper-V role detected

CPU: total 8 (initial active 8) (4 cores per cpu, 2 threads per core) family 6 model 165 stepping 2 microcode 0xe0, cx8, cmov, fxsr, ht, mmx, 3dnowpref, sse, sse2, sse3, ssse3, sse4.1, sse4.2, popcnt, lzcnt, tsc, tscinvbit, avx, avx2, aes, erms, clmul, bmi1, bmi2, adx, fma, vzeroupper, clflush, clflushopt, hv, rdtscp, f16c
Processor Information for the first 8 processors :
  Max Mhz: 2496, Current Mhz: 2496, Mhz Limit: 2496

Memory: 4k page, system-wide physical 16221M (1966M free)
TotalPageFile size 44508M (AvailPageFile size 0M)
current process WorkingSet (physical memory assigned to process): 49M, peak: 432M
current process commit charge ("private bytes"): 354M, peak: 501M

vm_info: OpenJDK 64-Bit Server VM (21.0.9+10-LTS) for windows-amd64 JRE (21.0.9+10-LTS), built on 2025-10-21T00:00:00Z by "admin" with unknown MS VC++:1942

END.
